  [1m[36m (92.4ms)[0m  [1mCREATE TABLE "schema_migrations" ("version" character varying NOT NULL) [0m
  [1m[35m (1.4ms)[0m  CREATE UNIQUE INDEX  "unique_schema_migrations" ON "schema_migrations"  ("version")
  [1m[36mActiveRecord::SchemaMigration Load (0.3ms)[0m  [1mSELECT "schema_migrations".* FROM "schema_migrations"[0m
Migrating to DeviseCreateAdminUsers (20150926024903)
  [1m[35m (0.2ms)[0m  BEGIN
  [1m[36m (37.6ms)[0m  [1mCREATE TABLE "admin_users" ("id" serial primary key, "email" character varying DEFAULT '' NOT NULL, "encrypted_password" character varying DEFAULT '' NOT NULL, "reset_password_token" character varying, "reset_password_sent_at" timestamp, "remember_created_at" timestamp, "sign_in_count" integer DEFAULT 0 NOT NULL, "current_sign_in_at" timestamp, "last_sign_in_at" timestamp, "current_sign_in_ip" inet, "last_sign_in_ip" inet, "created_at" timestamp NOT NULL, "updated_at" timestamp NOT NULL) [0m
  [1m[35m (1.0ms)[0m  CREATE UNIQUE INDEX  "index_admin_users_on_email" ON "admin_users"  ("email")
  [1m[36m (1.1ms)[0m  [1mCREATE UNIQUE INDEX  "index_admin_users_on_reset_password_token" ON "admin_users"  ("reset_password_token")[0m
  [1m[35mSQL (0.6ms)[0m  INSERT INTO "schema_migrations" ("version") VALUES ($1)  [["version", "20150926024903"]]
  [1m[36m (15.8ms)[0m  [1mCOMMIT[0m
  [1m[35mActiveRecord::SchemaMigration Load (0.3ms)[0m  SELECT "schema_migrations".* FROM "schema_migrations"
  [1m[36m (4.4ms)[0m  [1mSELECT t2.oid::regclass::text AS to_table, a1.attname AS column, a2.attname AS primary_key, c.conname AS name, c.confupdtype AS on_update, c.confdeltype AS on_delete
FROM pg_constraint c
JOIN pg_class t1 ON c.conrelid = t1.oid
JOIN pg_class t2 ON c.confrelid = t2.oid
JOIN pg_attribute a1 ON a1.attnum = c.conkey[1] AND a1.attrelid = t1.oid
JOIN pg_attribute a2 ON a2.attnum = c.confkey[1] AND a2.attrelid = t2.oid
JOIN pg_namespace t3 ON c.connamespace = t3.oid
WHERE c.contype = 'f'
  AND t1.relname = 'admin_users'
  AND t3.nspname = ANY (current_schemas(false))
ORDER BY c.conname
[0m


Started GET "/admin" for ::1 at 2015-09-26 03:33:43 -0300
  [1m[36mActiveRecord::SchemaMigration Load (0.5ms)[0m  [1mSELECT "schema_migrations".* FROM "schema_migrations"[0m
Processing by Admin::DashboardController#index as HTML
Completed 401 Unauthorized in 31ms (ActiveRecord: 0.0ms)


Started GET "/admin/login" for ::1 at 2015-09-26 03:33:43 -0300
Processing by ActiveAdmin::Devise::SessionsController#new as HTML
  Rendered /Users/cfnitta/.rvm/gems/ruby-2.2-head/bundler/gems/activeadmin-470817d8b43b/app/views/active_admin/devise/shared/_links.erb (1.4ms)
  Rendered /Users/cfnitta/.rvm/gems/ruby-2.2-head/bundler/gems/activeadmin-470817d8b43b/app/views/active_admin/devise/sessions/new.html.erb within layouts/active_admin_logged_out (93.8ms)
Completed 200 OK in 6886ms (Views: 6865.5ms | ActiveRecord: 3.5ms)


Started GET "/assets/jquery.self-a714331225dda820228db323939889f149aec0127aeb06255646b616ba1ca419.js?body=1" for ::1 at 2015-09-26 03:33:50 -0300


Started GET "/assets/jquery-ui/core.self-93be4d22eda916787802a64d8f88b52db8a9027d4ccbbc0942625324a7d12d44.js?body=1" for ::1 at 2015-09-26 03:33:50 -0300


Started GET "/assets/active_admin.self-6e66e7aa21e3224c84e71ca14214ca09b833572a73407d58a12256b3010c63f2.css?body=1" for ::1 at 2015-09-26 03:33:50 -0300


Started GET "/assets/jquery-ui/datepicker.self-6267be6d4d0f0e8665be3b4d6ac07f40ba23a32aff8eaa5d1bfc00f76a9eeae7.js?body=1" for ::1 at 2015-09-26 03:33:50 -0300


Started GET "/assets/jquery-ui/widget.self-c1602241ddc51216b58391768667068867b8e15b9efc722befcd25771eda6819.js?body=1" for ::1 at 2015-09-26 03:33:50 -0300


Started GET "/assets/jquery-ui/button.self-4d4f21ba77bbf8cc08ae65e2b6329a7a1b952b32c3ba7bffca8313e7e8c93d0c.js?body=1" for ::1 at 2015-09-26 03:33:50 -0300


Started GET "/assets/jquery-ui/mouse.self-c513294e8da73f31f84ba3ef11e2a1180a47faea0eb2fea4a53fc26153dd21fd.js?body=1" for ::1 at 2015-09-26 03:33:50 -0300


Started GET "/assets/jquery-ui/draggable.self-debcca3d0d5d9afe2fe91a6fd1aebdb41ca0a55f2f6017352e6c02b6d8a6e64c.js?body=1" for ::1 at 2015-09-26 03:33:50 -0300


Started GET "/assets/jquery-ui/position.self-e693ced4ecfa1a276f0b794f32c1d30d792764b08788bf68ecfa3b388c291333.js?body=1" for ::1 at 2015-09-26 03:33:50 -0300


Started GET "/assets/jquery-ui/resizable.self-60b870565f3cd62982c1907828119bb51f42ec8228d5e23868153edc3abc685c.js?body=1" for ::1 at 2015-09-26 03:33:50 -0300


Started GET "/assets/jquery-ui/tabs.self-dc07b44bf1b926c8d28ccd2658e30933881e5329348caf70cf305c3943f6bbd7.js?body=1" for ::1 at 2015-09-26 03:33:50 -0300


Started GET "/assets/active_admin/jquery_ui.self-01ba4719c80b6fe911b091a7c05124b64eeece964e09c058ef8f9805daca546b.js?body=1" for ::1 at 2015-09-26 03:33:51 -0300


Started GET "/assets/jquery_ujs.self-d456baa54c1fa6be2ec3711f0a72ddf7a5b2f34a6b4f515f33767d6207b7d4b3.js?body=1" for ::1 at 2015-09-26 03:33:51 -0300


Started GET "/assets/jquery-ui/sortable.self-df2d80a36f9dfbe0facc596ccd92af83ca50d38e4cd6a84810aaf5d40b8cd181.js?body=1" for ::1 at 2015-09-26 03:33:51 -0300


Started GET "/assets/jquery-ui/dialog.self-5a6c7980dfa3f6b74445b0f4b20eed799ee65363163500ed7f032e603d6b022d.js?body=1" for ::1 at 2015-09-26 03:33:51 -0300


Started GET "/assets/active_admin/base.self-ab2cb3098b53fe7d229937d768d701e8f4013f2a5aea7988d8f2149fa40426db.js?body=1" for ::1 at 2015-09-26 03:33:51 -0300


Started GET "/assets/active_admin/lib/batch_actions.self-10ee4c07784b00259ca97a02c4e7fb53c1b27ebe5653a3b910426b4ea0941250.js?body=1" for ::1 at 2015-09-26 03:33:51 -0300


Started GET "/assets/active_admin/lib/checkbox-toggler.self-ffdc88fc1b3b6bcfac3e314f191fc486175ab5a4b5daab87af6bd208cb483bd8.js?body=1" for ::1 at 2015-09-26 03:33:51 -0300


Started GET "/assets/active_admin/lib/dropdown-menu.self-161387c54d1640bd9f174301b77d73ea88ce6d7daf0d7356bd50b4d0143d1b72.js?body=1" for ::1 at 2015-09-26 03:33:51 -0300


Started GET "/assets/active_admin/lib/flash.self-8f05a5d9328ea28fca100b057787fbfb567986513c5f1735ea48fad8f9571c10.js?body=1" for ::1 at 2015-09-26 03:33:51 -0300


Started GET "/assets/active_admin/lib/has_many.self-ece319debdc01ca5096ae8ac6c130ffc0decab382543b4b94e18591375d3d3bb.js?body=1" for ::1 at 2015-09-26 03:33:51 -0300


Started GET "/assets/active_admin/lib/modal_dialog.self-0e86d9de4b99cb242de337a342f957f4872f686afc40f31f32d855672b1cd878.js?body=1" for ::1 at 2015-09-26 03:33:51 -0300


Started GET "/assets/active_admin/lib/per_page.self-d7697643296439a8f6aadbf22a229d8ce9b4e8e530ca854164398141006bcfda.js?body=1" for ::1 at 2015-09-26 03:33:51 -0300


Started GET "/assets/active_admin/lib/table-checkbox-toggler.self-f5200d732ec9ffd4ee8fd1fe11524ad7b54a67f6c0ef447a29d119ece2dcecdb.js?body=1" for ::1 at 2015-09-26 03:33:51 -0300


Started GET "/assets/active_admin/ext/jquery-ui.self-f96f2ec2a32c4bc4da4292cc74bddeca0bb223d81a421c98c4d613632860945e.js?body=1" for ::1 at 2015-09-26 03:33:51 -0300


Started GET "/assets/active_admin/ext/jquery.self-da8dafbbe883092bcae73f35a8caf4ae6170fe7d8130ae7039a233f9b509c757.js?body=1" for ::1 at 2015-09-26 03:33:51 -0300


Started GET "/assets/active_admin/application.self-a3af293ab9b99c4cc3bdde3420d9ab58f52b9fe9ceb1dfad2d517a81e6c15cf8.js?body=1" for ::1 at 2015-09-26 03:33:51 -0300


Started GET "/assets/active_admin.self-877aef30ae1b040ab8a3aba4e3e309a11d7f2612f44dde450b5c157aa5f95c05.js?body=1" for ::1 at 2015-09-26 03:33:51 -0300


Started GET "/assets/active_admin/print.self-bd31232c5b9dd8755bca79239a20b5c1db0eb3c3b4757c837c9058f802959bad.css?body=1" for ::1 at 2015-09-26 03:33:51 -0300
  [1m[36mActiveRecord::SchemaMigration Load (16.4ms)[0m  [1mSELECT "schema_migrations".* FROM "schema_migrations"[0m
Migrating to CreateBook (20150926175134)
  [1m[36mActiveRecord::SchemaMigration Load (0.4ms)[0m  [1mSELECT "schema_migrations".* FROM "schema_migrations"[0m
Migrating to CreateBook (20150926175134)
  [1m[36mActiveRecord::SchemaMigration Load (0.4ms)[0m  [1mSELECT "schema_migrations".* FROM "schema_migrations"[0m
Migrating to CreateBook (20150926175134)
  [1m[35m (0.1ms)[0m  BEGIN
  [1m[36m (51.2ms)[0m  [1mCREATE TABLE "books" ("id" serial primary key, "title" character varying, "subtitle" character varying, "edition_year" integer, "edition_number" integer, "writer" character varying, "artist" character varying, "cover" character varying, "colorist" character varying, "synopsis" character varying, "description" character varying, "binding_type" character varying, "transaction_type" character varying, "price" decimal, "pages" integer, "format" character varying) [0m
  [1m[35mSQL (0.4ms)[0m  INSERT INTO "schema_migrations" ("version") VALUES ($1)  [["version", "20150926175134"]]
  [1m[36m (19.0ms)[0m  [1mCOMMIT[0m
  [1m[35mActiveRecord::SchemaMigration Load (0.3ms)[0m  SELECT "schema_migrations".* FROM "schema_migrations"
  [1m[36m (4.5ms)[0m  [1mSELECT t2.oid::regclass::text AS to_table, a1.attname AS column, a2.attname AS primary_key, c.conname AS name, c.confupdtype AS on_update, c.confdeltype AS on_delete
FROM pg_constraint c
JOIN pg_class t1 ON c.conrelid = t1.oid
JOIN pg_class t2 ON c.confrelid = t2.oid
JOIN pg_attribute a1 ON a1.attnum = c.conkey[1] AND a1.attrelid = t1.oid
JOIN pg_attribute a2 ON a2.attnum = c.confkey[1] AND a2.attrelid = t2.oid
JOIN pg_namespace t3 ON c.connamespace = t3.oid
WHERE c.contype = 'f'
  AND t1.relname = 'admin_users'
  AND t3.nspname = ANY (current_schemas(false))
ORDER BY c.conname
[0m
  [1m[35m (3.4ms)[0m  SELECT t2.oid::regclass::text AS to_table, a1.attname AS column, a2.attname AS primary_key, c.conname AS name, c.confupdtype AS on_update, c.confdeltype AS on_delete
FROM pg_constraint c
JOIN pg_class t1 ON c.conrelid = t1.oid
JOIN pg_class t2 ON c.confrelid = t2.oid
JOIN pg_attribute a1 ON a1.attnum = c.conkey[1] AND a1.attrelid = t1.oid
JOIN pg_attribute a2 ON a2.attnum = c.confkey[1] AND a2.attrelid = t2.oid
JOIN pg_namespace t3 ON c.connamespace = t3.oid
WHERE c.contype = 'f'
  AND t1.relname = 'books'
  AND t3.nspname = ANY (current_schemas(false))
ORDER BY c.conname

  [1m[36mActiveRecord::SchemaMigration Load (0.6ms)[0m  [1mSELECT "schema_migrations".* FROM "schema_migrations"[0m
  [1m[35mActiveRecord::SchemaMigration Load (0.2ms)[0m  SELECT "schema_migrations".* FROM "schema_migrations"
Migrating to CreateBook (20150926175134)
  [1m[36m (0.1ms)[0m  [1mBEGIN[0m
  [1m[35m (86.9ms)[0m  DROP TABLE "books"
  [1m[36mSQL (0.5ms)[0m  [1mDELETE FROM "schema_migrations" WHERE "schema_migrations"."version" = $1[0m  [["version", "20150926175134"]]
  [1m[35m (15.9ms)[0m  COMMIT
  [1m[36mActiveRecord::SchemaMigration Load (0.2ms)[0m  [1mSELECT "schema_migrations".* FROM "schema_migrations"[0m
  [1m[35m (4.8ms)[0m  SELECT t2.oid::regclass::text AS to_table, a1.attname AS column, a2.attname AS primary_key, c.conname AS name, c.confupdtype AS on_update, c.confdeltype AS on_delete
FROM pg_constraint c
JOIN pg_class t1 ON c.conrelid = t1.oid
JOIN pg_class t2 ON c.confrelid = t2.oid
JOIN pg_attribute a1 ON a1.attnum = c.conkey[1] AND a1.attrelid = t1.oid
JOIN pg_attribute a2 ON a2.attnum = c.confkey[1] AND a2.attrelid = t2.oid
JOIN pg_namespace t3 ON c.connamespace = t3.oid
WHERE c.contype = 'f'
  AND t1.relname = 'admin_users'
  AND t3.nspname = ANY (current_schemas(false))
ORDER BY c.conname

  [1m[36mActiveRecord::SchemaMigration Load (0.4ms)[0m  [1mSELECT "schema_migrations".* FROM "schema_migrations"[0m
Migrating to CreateBook (20150926175134)
  [1m[35m (0.1ms)[0m  BEGIN
  [1m[36m (5.6ms)[0m  [1mCREATE TABLE "books" ("id" serial primary key, "title" character varying, "subtitle" character varying, "edition_year" integer, "edition_number" integer, "writer" character varying, "artist" character varying, "cover" character varying, "colorist" character varying, "synopsis" character varying, "description" character varying, "binding_type" character varying, "transaction_type" character varying, "price" decimal, "pages" integer, "format" character varying, "created_at" timestamp NOT NULL, "updated_at" timestamp NOT NULL) [0m
  [1m[35mSQL (0.4ms)[0m  INSERT INTO "schema_migrations" ("version") VALUES ($1)  [["version", "20150926175134"]]
  [1m[36m (0.6ms)[0m  [1mCOMMIT[0m
  [1m[35mActiveRecord::SchemaMigration Load (0.2ms)[0m  SELECT "schema_migrations".* FROM "schema_migrations"
  [1m[36m (4.1ms)[0m  [1mSELECT t2.oid::regclass::text AS to_table, a1.attname AS column, a2.attname AS primary_key, c.conname AS name, c.confupdtype AS on_update, c.confdeltype AS on_delete
FROM pg_constraint c
JOIN pg_class t1 ON c.conrelid = t1.oid
JOIN pg_class t2 ON c.confrelid = t2.oid
JOIN pg_attribute a1 ON a1.attnum = c.conkey[1] AND a1.attrelid = t1.oid
JOIN pg_attribute a2 ON a2.attnum = c.confkey[1] AND a2.attrelid = t2.oid
JOIN pg_namespace t3 ON c.connamespace = t3.oid
WHERE c.contype = 'f'
  AND t1.relname = 'admin_users'
  AND t3.nspname = ANY (current_schemas(false))
ORDER BY c.conname
[0m
  [1m[35m (3.8ms)[0m  SELECT t2.oid::regclass::text AS to_table, a1.attname AS column, a2.attname AS primary_key, c.conname AS name, c.confupdtype AS on_update, c.confdeltype AS on_delete
FROM pg_constraint c
JOIN pg_class t1 ON c.conrelid = t1.oid
JOIN pg_class t2 ON c.confrelid = t2.oid
JOIN pg_attribute a1 ON a1.attnum = c.conkey[1] AND a1.attrelid = t1.oid
JOIN pg_attribute a2 ON a2.attnum = c.confkey[1] AND a2.attrelid = t2.oid
JOIN pg_namespace t3 ON c.connamespace = t3.oid
WHERE c.contype = 'f'
  AND t1.relname = 'books'
  AND t3.nspname = ANY (current_schemas(false))
ORDER BY c.conname

  [1m[36mActiveRecord::SchemaMigration Load (0.5ms)[0m  [1mSELECT "schema_migrations".* FROM "schema_migrations"[0m
  [1m[35mActiveRecord::SchemaMigration Load (0.2ms)[0m  SELECT "schema_migrations".* FROM "schema_migrations"
Migrating to CreateBook (20150926175134)
  [1m[36m (0.1ms)[0m  [1mBEGIN[0m
  [1m[35m (2.6ms)[0m  DROP TABLE "books"
  [1m[36mSQL (0.3ms)[0m  [1mDELETE FROM "schema_migrations" WHERE "schema_migrations"."version" = $1[0m  [["version", "20150926175134"]]
  [1m[35m (17.3ms)[0m  COMMIT
  [1m[36mActiveRecord::SchemaMigration Load (0.3ms)[0m  [1mSELECT "schema_migrations".* FROM "schema_migrations"[0m
  [1m[35m (4.9ms)[0m  SELECT t2.oid::regclass::text AS to_table, a1.attname AS column, a2.attname AS primary_key, c.conname AS name, c.confupdtype AS on_update, c.confdeltype AS on_delete
FROM pg_constraint c
JOIN pg_class t1 ON c.conrelid = t1.oid
JOIN pg_class t2 ON c.confrelid = t2.oid
JOIN pg_attribute a1 ON a1.attnum = c.conkey[1] AND a1.attrelid = t1.oid
JOIN pg_attribute a2 ON a2.attnum = c.confkey[1] AND a2.attrelid = t2.oid
JOIN pg_namespace t3 ON c.connamespace = t3.oid
WHERE c.contype = 'f'
  AND t1.relname = 'admin_users'
  AND t3.nspname = ANY (current_schemas(false))
ORDER BY c.conname

  [1m[36mActiveRecord::SchemaMigration Load (0.4ms)[0m  [1mSELECT "schema_migrations".* FROM "schema_migrations"[0m
Migrating to CreateBook (20150926175134)
  [1m[35m (0.1ms)[0m  BEGIN
  [1m[36m (7.6ms)[0m  [1mCREATE TABLE "books" ("id" serial primary key, "title" character varying, "subtitle" character varying, "edition_year" integer, "edition_number" integer, "writer" character varying, "artist" character varying, "cover" character varying, "colorist" character varying, "synopsis" character varying, "description" character varying, "binding_type" character varying, "transaction_type" character varying, "price" decimal, "pages" integer, "format" character varying, "admin_user_id" integer, "created_at" timestamp NOT NULL, "updated_at" timestamp NOT NULL) [0m
  [1m[35m (1.0ms)[0m  CREATE  INDEX  "index_books_on_admin_user_id" ON "books"  ("admin_user_id")
  [1m[36mSQL (0.3ms)[0m  [1mINSERT INTO "schema_migrations" ("version") VALUES ($1)[0m  [["version", "20150926175134"]]
  [1m[35m (16.1ms)[0m  COMMIT
  [1m[36mActiveRecord::SchemaMigration Load (0.3ms)[0m  [1mSELECT "schema_migrations".* FROM "schema_migrations"[0m
  [1m[35m (3.9ms)[0m  SELECT t2.oid::regclass::text AS to_table, a1.attname AS column, a2.attname AS primary_key, c.conname AS name, c.confupdtype AS on_update, c.confdeltype AS on_delete
FROM pg_constraint c
JOIN pg_class t1 ON c.conrelid = t1.oid
JOIN pg_class t2 ON c.confrelid = t2.oid
JOIN pg_attribute a1 ON a1.attnum = c.conkey[1] AND a1.attrelid = t1.oid
JOIN pg_attribute a2 ON a2.attnum = c.confkey[1] AND a2.attrelid = t2.oid
JOIN pg_namespace t3 ON c.connamespace = t3.oid
WHERE c.contype = 'f'
  AND t1.relname = 'admin_users'
  AND t3.nspname = ANY (current_schemas(false))
ORDER BY c.conname

  [1m[36m (3.3ms)[0m  [1mSELECT t2.oid::regclass::text AS to_table, a1.attname AS column, a2.attname AS primary_key, c.conname AS name, c.confupdtype AS on_update, c.confdeltype AS on_delete
FROM pg_constraint c
JOIN pg_class t1 ON c.conrelid = t1.oid
JOIN pg_class t2 ON c.confrelid = t2.oid
JOIN pg_attribute a1 ON a1.attnum = c.conkey[1] AND a1.attrelid = t1.oid
JOIN pg_attribute a2 ON a2.attnum = c.confkey[1] AND a2.attrelid = t2.oid
JOIN pg_namespace t3 ON c.connamespace = t3.oid
WHERE c.contype = 'f'
  AND t1.relname = 'books'
  AND t3.nspname = ANY (current_schemas(false))
ORDER BY c.conname
[0m


Started GET "/admin" for ::1 at 2015-09-26 20:17:48 -0300
  [1m[36mActiveRecord::SchemaMigration Load (0.6ms)[0m  [1mSELECT "schema_migrations".* FROM "schema_migrations"[0m
Processing by Admin::DashboardController#index as HTML
Completed 401 Unauthorized in 38ms (ActiveRecord: 0.0ms)


Started GET "/admin/login" for ::1 at 2015-09-26 20:17:48 -0300
Processing by ActiveAdmin::Devise::SessionsController#new as HTML
  Rendered /Users/cfnitta/.rvm/gems/ruby-2.2-head/bundler/gems/activeadmin-470817d8b43b/app/views/active_admin/devise/shared/_links.erb (1.4ms)
  Rendered /Users/cfnitta/.rvm/gems/ruby-2.2-head/bundler/gems/activeadmin-470817d8b43b/app/views/active_admin/devise/sessions/new.html.erb within layouts/active_admin_logged_out (92.4ms)
Completed 200 OK in 1003ms (Views: 970.2ms | ActiveRecord: 4.2ms)


Started GET "/assets/active_admin/jquery_ui.self-01ba4719c80b6fe911b091a7c05124b64eeece964e09c058ef8f9805daca546b.js?body=1" for ::1 at 2015-09-26 20:17:49 -0300


Started GET "/assets/active_admin/base.self-ab2cb3098b53fe7d229937d768d701e8f4013f2a5aea7988d8f2149fa40426db.js?body=1" for ::1 at 2015-09-26 20:17:49 -0300


Started GET "/assets/active_admin/ext/jquery.self-da8dafbbe883092bcae73f35a8caf4ae6170fe7d8130ae7039a233f9b509c757.js?body=1" for ::1 at 2015-09-26 20:17:49 -0300


Started GET "/assets/active_admin.self-877aef30ae1b040ab8a3aba4e3e309a11d7f2612f44dde450b5c157aa5f95c05.js?body=1" for ::1 at 2015-09-26 20:17:49 -0300


Started GET "/assets/active_admin/ext/jquery-ui.self-f96f2ec2a32c4bc4da4292cc74bddeca0bb223d81a421c98c4d613632860945e.js?body=1" for ::1 at 2015-09-26 20:17:49 -0300


Started GET "/assets/active_admin.self-6e66e7aa21e3224c84e71ca14214ca09b833572a73407d58a12256b3010c63f2.css?body=1" for ::1 at 2015-09-26 20:17:49 -0300


Started GET "/assets/active_admin/print.self-bd31232c5b9dd8755bca79239a20b5c1db0eb3c3b4757c837c9058f802959bad.css?body=1" for ::1 at 2015-09-26 20:17:49 -0300


Started POST "/admin/login" for ::1 at 2015-09-26 20:21:30 -0300
Processing by ActiveAdmin::Devise::SessionsController#create as HTML
  Parameters: {"utf8"=>"✓", "authenticity_token"=>"t8KlMgPEqBGYeskeegPgDQNB+B4E3x1n84OvW/fOpblaSMlIQrjCapazxDIe6u67Y+R18YZ+pbkqUi+fVIZm9A==", "admin_user"=>{"email"=>"admin@example.com", "password"=>"[FILTERED]", "remember_me"=>"0"}, "commit"=>"Login"}
  [1m[35mAdminUser Load (63.9ms)[0m  SELECT  "admin_users".* FROM "admin_users" WHERE "admin_users"."email" = $1  ORDER BY "admin_users"."id" ASC LIMIT 1  [["email", "admin@example.com"]]
Completed 401 Unauthorized in 267ms (ActiveRecord: 64.1ms)
Processing by ActiveAdmin::Devise::SessionsController#new as HTML
  Parameters: {"utf8"=>"✓", "authenticity_token"=>"t8KlMgPEqBGYeskeegPgDQNB+B4E3x1n84OvW/fOpblaSMlIQrjCapazxDIe6u67Y+R18YZ+pbkqUi+fVIZm9A==", "admin_user"=>{"email"=>"admin@example.com", "password"=>"[FILTERED]", "remember_me"=>"0"}, "commit"=>"Login"}
  Rendered /Users/cfnitta/.rvm/gems/ruby-2.2-head/bundler/gems/activeadmin-470817d8b43b/app/views/active_admin/devise/shared/_links.erb (0.3ms)
  Rendered /Users/cfnitta/.rvm/gems/ruby-2.2-head/bundler/gems/activeadmin-470817d8b43b/app/views/active_admin/devise/sessions/new.html.erb within layouts/active_admin_logged_out (20.3ms)
Completed 200 OK in 560ms (Views: 229.1ms | ActiveRecord: 0.0ms)
  [1m[36m (0.2ms)[0m  [1mBEGIN[0m
  [1m[35mAdminUser Exists (0.9ms)[0m  SELECT  1 AS one FROM "admin_users" WHERE "admin_users"."email" = 'plano@infalivel.com' LIMIT 1
  [1m[36mSQL (29.8ms)[0m  [1mINSERT INTO "admin_users" ("email", "encrypted_password", "created_at", "updated_at") VALUES ($1, $2, $3, $4) RETURNING "id"[0m  [["email", "plano@infalivel.com"], ["encrypted_password", "$2a$10$/YunXPf10jR4LNuhUTJfHe3MmuCvi6p.ZjIWGMF.H/0Kad0KJyoge"], ["created_at", "2015-09-26 23:24:23.445743"], ["updated_at", "2015-09-26 23:24:23.445743"]]
  [1m[35m (0.6ms)[0m  COMMIT


Started POST "/admin/login" for ::1 at 2015-09-26 20:25:07 -0300
  [1m[36mActiveRecord::SchemaMigration Load (0.5ms)[0m  [1mSELECT "schema_migrations".* FROM "schema_migrations"[0m
Processing by ActiveAdmin::Devise::SessionsController#create as HTML
  Parameters: {"utf8"=>"✓", "authenticity_token"=>"CXbrXfn2dUlLuuy47gXU9sDxeiDw7FL76S6xEEl2eczk/IcnuIofMkVz4ZSK7NpAoFT3z3JN6iUw/zHU6j66gQ==", "admin_user"=>{"email"=>"plano@infalivel.com", "password"=>"[FILTERED]", "remember_me"=>"0"}, "commit"=>"Login"}
  [1m[35mAdminUser Load (0.9ms)[0m  SELECT  "admin_users".* FROM "admin_users" WHERE "admin_users"."email" = $1  ORDER BY "admin_users"."id" ASC LIMIT 1  [["email", "plano@infalivel.com"]]
  [1m[36m (0.2ms)[0m  [1mBEGIN[0m
  [1m[35mSQL (45.9ms)[0m  UPDATE "admin_users" SET "last_sign_in_at" = $1, "current_sign_in_at" = $2, "last_sign_in_ip" = $3, "current_sign_in_ip" = $4, "sign_in_count" = $5, "updated_at" = $6 WHERE "admin_users"."id" = $7  [["last_sign_in_at", "2015-09-26 23:25:07.331917"], ["current_sign_in_at", "2015-09-26 23:25:07.331917"], ["last_sign_in_ip", "::1/128"], ["current_sign_in_ip", "::1/128"], ["sign_in_count", 1], ["updated_at", "2015-09-26 23:25:07.333419"], ["id", 1]]
  [1m[36m (0.6ms)[0m  [1mCOMMIT[0m
Redirected to http://localhost:3000/admin
Completed 302 Found in 204ms (ActiveRecord: 52.4ms)


Started GET "/admin" for ::1 at 2015-09-26 20:25:07 -0300
Processing by Admin::DashboardController#index as HTML
  [1m[35mAdminUser Load (13.9ms)[0m  SELECT  "admin_users".* FROM "admin_users" WHERE "admin_users"."id" = $1  ORDER BY "admin_users"."id" ASC LIMIT 1  [["id", 1]]
  Rendered /Users/cfnitta/.rvm/gems/ruby-2.2-head/bundler/gems/activeadmin-470817d8b43b/app/views/active_admin/page/index.html.arb (473.0ms)
Completed 200 OK in 526ms (Views: 491.1ms | ActiveRecord: 13.9ms)


Started GET "/admin/admin_users" for ::1 at 2015-09-26 20:25:10 -0300
Processing by Admin::AdminUsersController#index as HTML
  [1m[36mAdminUser Load (0.5ms)[0m  [1mSELECT  "admin_users".* FROM "admin_users" WHERE "admin_users"."id" = $1  ORDER BY "admin_users"."id" ASC LIMIT 1[0m  [["id", 1]]
  [1m[35m (0.6ms)[0m  SELECT COUNT(count_column) FROM (SELECT  1 AS count_column FROM "admin_users" LIMIT 30 OFFSET 0) subquery_for_count
  [1m[36mCACHE (0.0ms)[0m  [1mSELECT COUNT(count_column) FROM (SELECT  1 AS count_column FROM "admin_users" LIMIT 30 OFFSET 0) subquery_for_count[0m
  [1m[35m (0.3ms)[0m  SELECT COUNT(*) FROM "admin_users"
  [1m[36mCACHE (0.0ms)[0m  [1mSELECT COUNT(count_column) FROM (SELECT  1 AS count_column FROM "admin_users" LIMIT 30 OFFSET 0) subquery_for_count[0m
  [1m[35mAdminUser Load (0.7ms)[0m  SELECT  "admin_users".* FROM "admin_users"  ORDER BY "admin_users"."id" desc LIMIT 30 OFFSET 0
  Rendered /Users/cfnitta/.rvm/gems/ruby-2.2-head/bundler/gems/activeadmin-470817d8b43b/app/views/active_admin/resource/index.html.arb (297.7ms)
Completed 200 OK in 347ms (Views: 313.3ms | ActiveRecord: 2.1ms)


Started GET "/assets/active_admin/orderable-29374dbb55b0012d78a37c614d573bb3474f0779849b478a147d0f1845ca6617.png" for ::1 at 2015-09-26 20:25:11 -0300


Started GET "/assets/active_admin/datepicker/datepicker-input-icon-d9c2bb73769af777c8a71720d29741f3a499aebd5a043e9a119bd0d9597aed47.png" for ::1 at 2015-09-26 20:25:11 -0300


Started GET "/admin/admin_users" for ::1 at 2015-09-26 20:26:34 -0300
Processing by Admin::AdminUsersController#index as HTML
  [1m[36mAdminUser Load (0.4ms)[0m  [1mSELECT  "admin_users".* FROM "admin_users" WHERE "admin_users"."id" = $1  ORDER BY "admin_users"."id" ASC LIMIT 1[0m  [["id", 1]]
  [1m[35m (0.5ms)[0m  SELECT COUNT(count_column) FROM (SELECT  1 AS count_column FROM "admin_users" LIMIT 30 OFFSET 0) subquery_for_count
  [1m[36mCACHE (0.0ms)[0m  [1mSELECT COUNT(count_column) FROM (SELECT  1 AS count_column FROM "admin_users" LIMIT 30 OFFSET 0) subquery_for_count[0m
  [1m[35m (0.3ms)[0m  SELECT COUNT(*) FROM "admin_users"
  [1m[36mCACHE (0.0ms)[0m  [1mSELECT COUNT(count_column) FROM (SELECT  1 AS count_column FROM "admin_users" LIMIT 30 OFFSET 0) subquery_for_count[0m
  [1m[35mAdminUser Load (0.5ms)[0m  SELECT  "admin_users".* FROM "admin_users"  ORDER BY "admin_users"."id" desc LIMIT 30 OFFSET 0
  Rendered /Users/cfnitta/.rvm/gems/ruby-2.2-head/bundler/gems/activeadmin-470817d8b43b/app/views/active_admin/resource/index.html.arb (222.9ms)
Completed 200 OK in 234ms (Views: 230.2ms | ActiveRecord: 1.7ms)


Started GET "/assets/jquery-ui/core.self-93be4d22eda916787802a64d8f88b52db8a9027d4ccbbc0942625324a7d12d44.js?body=1" for ::1 at 2015-09-26 20:26:34 -0300


Started GET "/assets/jquery.self-a714331225dda820228db323939889f149aec0127aeb06255646b616ba1ca419.js?body=1" for ::1 at 2015-09-26 20:26:34 -0300


Started GET "/assets/jquery-ui/datepicker.self-6267be6d4d0f0e8665be3b4d6ac07f40ba23a32aff8eaa5d1bfc00f76a9eeae7.js?body=1" for ::1 at 2015-09-26 20:26:34 -0300


Started GET "/assets/jquery-ui/widget.self-c1602241ddc51216b58391768667068867b8e15b9efc722befcd25771eda6819.js?body=1" for ::1 at 2015-09-26 20:26:34 -0300


Started GET "/assets/jquery-ui/button.self-4d4f21ba77bbf8cc08ae65e2b6329a7a1b952b32c3ba7bffca8313e7e8c93d0c.js?body=1" for ::1 at 2015-09-26 20:26:34 -0300


Started GET "/assets/active_admin.self-6e66e7aa21e3224c84e71ca14214ca09b833572a73407d58a12256b3010c63f2.css?body=1" for ::1 at 2015-09-26 20:26:34 -0300


Started GET "/assets/jquery-ui/mouse.self-c513294e8da73f31f84ba3ef11e2a1180a47faea0eb2fea4a53fc26153dd21fd.js?body=1" for ::1 at 2015-09-26 20:26:34 -0300


Started GET "/assets/jquery-ui/draggable.self-debcca3d0d5d9afe2fe91a6fd1aebdb41ca0a55f2f6017352e6c02b6d8a6e64c.js?body=1" for ::1 at 2015-09-26 20:26:34 -0300


Started GET "/assets/jquery-ui/position.self-e693ced4ecfa1a276f0b794f32c1d30d792764b08788bf68ecfa3b388c291333.js?body=1" for ::1 at 2015-09-26 20:26:34 -0300


Started GET "/assets/jquery-ui/resizable.self-60b870565f3cd62982c1907828119bb51f42ec8228d5e23868153edc3abc685c.js?body=1" for ::1 at 2015-09-26 20:26:34 -0300


Started GET "/assets/jquery-ui/dialog.self-5a6c7980dfa3f6b74445b0f4b20eed799ee65363163500ed7f032e603d6b022d.js?body=1" for ::1 at 2015-09-26 20:26:34 -0300


Started GET "/assets/jquery-ui/sortable.self-df2d80a36f9dfbe0facc596ccd92af83ca50d38e4cd6a84810aaf5d40b8cd181.js?body=1" for ::1 at 2015-09-26 20:26:34 -0300


Started GET "/assets/jquery-ui/tabs.self-dc07b44bf1b926c8d28ccd2658e30933881e5329348caf70cf305c3943f6bbd7.js?body=1" for ::1 at 2015-09-26 20:26:34 -0300


Started GET "/assets/active_admin/jquery_ui.self-01ba4719c80b6fe911b091a7c05124b64eeece964e09c058ef8f9805daca546b.js?body=1" for ::1 at 2015-09-26 20:26:34 -0300


Started GET "/assets/jquery_ujs.self-d456baa54c1fa6be2ec3711f0a72ddf7a5b2f34a6b4f515f33767d6207b7d4b3.js?body=1" for ::1 at 2015-09-26 20:26:34 -0300


Started GET "/assets/active_admin/base.self-ab2cb3098b53fe7d229937d768d701e8f4013f2a5aea7988d8f2149fa40426db.js?body=1" for ::1 at 2015-09-26 20:26:34 -0300


Started GET "/assets/active_admin/lib/batch_actions.self-10ee4c07784b00259ca97a02c4e7fb53c1b27ebe5653a3b910426b4ea0941250.js?body=1" for ::1 at 2015-09-26 20:26:34 -0300


Started GET "/assets/active_admin/lib/checkbox-toggler.self-ffdc88fc1b3b6bcfac3e314f191fc486175ab5a4b5daab87af6bd208cb483bd8.js?body=1" for ::1 at 2015-09-26 20:26:34 -0300


Started GET "/assets/active_admin/lib/dropdown-menu.self-161387c54d1640bd9f174301b77d73ea88ce6d7daf0d7356bd50b4d0143d1b72.js?body=1" for ::1 at 2015-09-26 20:26:34 -0300


Started GET "/assets/active_admin/lib/flash.self-8f05a5d9328ea28fca100b057787fbfb567986513c5f1735ea48fad8f9571c10.js?body=1" for ::1 at 2015-09-26 20:26:34 -0300


Started GET "/assets/active_admin/lib/has_many.self-ece319debdc01ca5096ae8ac6c130ffc0decab382543b4b94e18591375d3d3bb.js?body=1" for ::1 at 2015-09-26 20:26:34 -0300


Started GET "/assets/active_admin/lib/modal_dialog.self-0e86d9de4b99cb242de337a342f957f4872f686afc40f31f32d855672b1cd878.js?body=1" for ::1 at 2015-09-26 20:26:34 -0300


Started GET "/assets/active_admin/lib/per_page.self-d7697643296439a8f6aadbf22a229d8ce9b4e8e530ca854164398141006bcfda.js?body=1" for ::1 at 2015-09-26 20:26:34 -0300


Started GET "/assets/active_admin/lib/table-checkbox-toggler.self-f5200d732ec9ffd4ee8fd1fe11524ad7b54a67f6c0ef447a29d119ece2dcecdb.js?body=1" for ::1 at 2015-09-26 20:26:34 -0300


Started GET "/assets/active_admin/ext/jquery-ui.self-f96f2ec2a32c4bc4da4292cc74bddeca0bb223d81a421c98c4d613632860945e.js?body=1" for ::1 at 2015-09-26 20:26:34 -0300


Started GET "/assets/active_admin/ext/jquery.self-da8dafbbe883092bcae73f35a8caf4ae6170fe7d8130ae7039a233f9b509c757.js?body=1" for ::1 at 2015-09-26 20:26:34 -0300


Started GET "/assets/active_admin/application.self-a3af293ab9b99c4cc3bdde3420d9ab58f52b9fe9ceb1dfad2d517a81e6c15cf8.js?body=1" for ::1 at 2015-09-26 20:26:34 -0300


Started GET "/assets/active_admin.self-877aef30ae1b040ab8a3aba4e3e309a11d7f2612f44dde450b5c157aa5f95c05.js?body=1" for ::1 at 2015-09-26 20:26:34 -0300


Started GET "/assets/active_admin/print.self-bd31232c5b9dd8755bca79239a20b5c1db0eb3c3b4757c837c9058f802959bad.css?body=1" for ::1 at 2015-09-26 20:26:34 -0300


Started GET "/admin" for ::1 at 2015-09-26 20:34:30 -0300
  [1m[36mActiveRecord::SchemaMigration Load (0.6ms)[0m  [1mSELECT "schema_migrations".* FROM "schema_migrations"[0m
Processing by Admin::DashboardController#index as HTML
  [1m[35mAdminUser Load (0.6ms)[0m  SELECT  "admin_users".* FROM "admin_users" WHERE "admin_users"."id" = $1  ORDER BY "admin_users"."id" ASC LIMIT 1  [["id", 1]]
  Rendered /Users/cfnitta/.rvm/gems/ruby-2.2-head/bundler/gems/activeadmin-470817d8b43b/app/views/active_admin/page/index.html.arb (545.8ms)
Completed 200 OK in 587ms (Views: 554.8ms | ActiveRecord: 4.7ms)


Started GET "/admin/books" for ::1 at 2015-09-26 20:34:33 -0300
Processing by Admin::BooksController#index as HTML
  [1m[36mAdminUser Load (0.4ms)[0m  [1mSELECT  "admin_users".* FROM "admin_users" WHERE "admin_users"."id" = $1  ORDER BY "admin_users"."id" ASC LIMIT 1[0m  [["id", 1]]
  [1m[35m (37.4ms)[0m  SELECT COUNT(count_column) FROM (SELECT  1 AS count_column FROM "books" LIMIT 30 OFFSET 0) subquery_for_count
  [1m[36mAdminUser Load (0.5ms)[0m  [1mSELECT "admin_users".* FROM "admin_users"[0m
  Rendered /Users/cfnitta/.rvm/gems/ruby-2.2-head/bundler/gems/activeadmin-470817d8b43b/app/views/active_admin/resource/index.html.arb (340.4ms)
Completed 200 OK in 358ms (Views: 311.6ms | ActiveRecord: 39.9ms)


Started GET "/admin/books/new" for ::1 at 2015-09-26 20:34:36 -0300
Processing by Admin::BooksController#new as HTML
  [1m[35mAdminUser Load (0.4ms)[0m  SELECT  "admin_users".* FROM "admin_users" WHERE "admin_users"."id" = $1  ORDER BY "admin_users"."id" ASC LIMIT 1  [["id", 1]]
  [1m[36mAdminUser Load (0.4ms)[0m  [1mSELECT "admin_users".* FROM "admin_users"[0m
  Rendered /Users/cfnitta/.rvm/gems/ruby-2.2-head/bundler/gems/activeadmin-470817d8b43b/app/views/active_admin/resource/new.html.arb (254.2ms)
Completed 200 OK in 306ms (Views: 293.5ms | ActiveRecord: 0.8ms)
  [1m[36mActiveRecord::SchemaMigration Load (0.4ms)[0m  [1mSELECT "schema_migrations".* FROM "schema_migrations"[0m
  [1m[35mActiveRecord::SchemaMigration Load (0.2ms)[0m  SELECT "schema_migrations".* FROM "schema_migrations"
Migrating to CreateBook (20150926175134)
  [1m[36m (0.1ms)[0m  [1mBEGIN[0m
  [1m[35m (2.4ms)[0m  DROP TABLE "books"
  [1m[36mSQL (0.4ms)[0m  [1mDELETE FROM "schema_migrations" WHERE "schema_migrations"."version" = $1[0m  [["version", "20150926175134"]]
  [1m[35m (17.1ms)[0m  COMMIT
  [1m[36mActiveRecord::SchemaMigration Load (0.2ms)[0m  [1mSELECT "schema_migrations".* FROM "schema_migrations"[0m
  [1m[35m (4.5ms)[0m  SELECT t2.oid::regclass::text AS to_table, a1.attname AS column, a2.attname AS primary_key, c.conname AS name, c.confupdtype AS on_update, c.confdeltype AS on_delete
FROM pg_constraint c
JOIN pg_class t1 ON c.conrelid = t1.oid
JOIN pg_class t2 ON c.confrelid = t2.oid
JOIN pg_attribute a1 ON a1.attnum = c.conkey[1] AND a1.attrelid = t1.oid
JOIN pg_attribute a2 ON a2.attnum = c.confkey[1] AND a2.attrelid = t2.oid
JOIN pg_namespace t3 ON c.connamespace = t3.oid
WHERE c.contype = 'f'
  AND t1.relname = 'admin_users'
  AND t3.nspname = ANY (current_schemas(false))
ORDER BY c.conname

  [1m[36mActiveRecord::SchemaMigration Load (0.4ms)[0m  [1mSELECT "schema_migrations".* FROM "schema_migrations"[0m
Migrating to CreateBook (20150926175134)
  [1m[35m (0.1ms)[0m  BEGIN
  [1m[36m (23.1ms)[0m  [1mCREATE TABLE "books" ("id" serial primary key, "title" character varying, "subtitle" character varying, "edition_year" integer, "edition_number" integer, "writer" character varying, "artist" character varying, "cover" character varying, "colorist" character varying, "synopsis" character varying, "description" character varying, "binding_type" character varying, "transaction_type" character varying, "price" decimal, "pages" integer, "format" character varying, "admin_user_id" integer, "created_at" timestamp NOT NULL, "updated_at" timestamp NOT NULL) [0m
  [1m[35m (1.1ms)[0m  CREATE  INDEX  "index_books_on_admin_user_id" ON "books"  ("admin_user_id")
  [1m[36mSQL (0.4ms)[0m  [1mINSERT INTO "schema_migrations" ("version") VALUES ($1)[0m  [["version", "20150926175134"]]
  [1m[35m (0.8ms)[0m  COMMIT
  [1m[36mActiveRecord::SchemaMigration Load (0.2ms)[0m  [1mSELECT "schema_migrations".* FROM "schema_migrations"[0m
  [1m[35m (4.0ms)[0m  SELECT t2.oid::regclass::text AS to_table, a1.attname AS column, a2.attname AS primary_key, c.conname AS name, c.confupdtype AS on_update, c.confdeltype AS on_delete
FROM pg_constraint c
JOIN pg_class t1 ON c.conrelid = t1.oid
JOIN pg_class t2 ON c.confrelid = t2.oid
JOIN pg_attribute a1 ON a1.attnum = c.conkey[1] AND a1.attrelid = t1.oid
JOIN pg_attribute a2 ON a2.attnum = c.confkey[1] AND a2.attrelid = t2.oid
JOIN pg_namespace t3 ON c.connamespace = t3.oid
WHERE c.contype = 'f'
  AND t1.relname = 'admin_users'
  AND t3.nspname = ANY (current_schemas(false))
ORDER BY c.conname

  [1m[36m (4.9ms)[0m  [1mSELECT t2.oid::regclass::text AS to_table, a1.attname AS column, a2.attname AS primary_key, c.conname AS name, c.confupdtype AS on_update, c.confdeltype AS on_delete
FROM pg_constraint c
JOIN pg_class t1 ON c.conrelid = t1.oid
JOIN pg_class t2 ON c.confrelid = t2.oid
JOIN pg_attribute a1 ON a1.attnum = c.conkey[1] AND a1.attrelid = t1.oid
JOIN pg_attribute a2 ON a2.attnum = c.confkey[1] AND a2.attrelid = t2.oid
JOIN pg_namespace t3 ON c.connamespace = t3.oid
WHERE c.contype = 'f'
  AND t1.relname = 'books'
  AND t3.nspname = ANY (current_schemas(false))
ORDER BY c.conname
[0m


Started GET "/admin/books/new" for ::1 at 2015-09-26 20:44:55 -0300
  [1m[36mActiveRecord::SchemaMigration Load (0.6ms)[0m  [1mSELECT "schema_migrations".* FROM "schema_migrations"[0m
Processing by Admin::BooksController#new as HTML
  [1m[35mAdminUser Load (0.6ms)[0m  SELECT  "admin_users".* FROM "admin_users" WHERE "admin_users"."id" = $1  ORDER BY "admin_users"."id" ASC LIMIT 1  [["id", 1]]
  [1m[36mAdminUser Load (0.5ms)[0m  [1mSELECT "admin_users".* FROM "admin_users"[0m
  Rendered /Users/cfnitta/.rvm/gems/ruby-2.2-head/bundler/gems/activeadmin-470817d8b43b/app/views/active_admin/resource/new.html.arb (604.8ms)
Completed 200 OK in 659ms (Views: 617.3ms | ActiveRecord: 6.9ms)


Started GET "/admin/books/new" for ::1 at 2015-09-26 20:45:10 -0300
Processing by Admin::BooksController#new as HTML
  [1m[35mAdminUser Load (0.4ms)[0m  SELECT  "admin_users".* FROM "admin_users" WHERE "admin_users"."id" = $1  ORDER BY "admin_users"."id" ASC LIMIT 1  [["id", 1]]
  [1m[36mAdminUser Load (0.4ms)[0m  [1mSELECT "admin_users".* FROM "admin_users"[0m
  Rendered /Users/cfnitta/.rvm/gems/ruby-2.2-head/bundler/gems/activeadmin-470817d8b43b/app/views/active_admin/resource/new.html.arb (243.7ms)
Completed 200 OK in 255ms (Views: 251.8ms | ActiveRecord: 0.8ms)


Started GET "/assets/jquery.self-a714331225dda820228db323939889f149aec0127aeb06255646b616ba1ca419.js?body=1" for ::1 at 2015-09-26 20:45:10 -0300


Started GET "/assets/active_admin.self-6e66e7aa21e3224c84e71ca14214ca09b833572a73407d58a12256b3010c63f2.css?body=1" for ::1 at 2015-09-26 20:45:10 -0300


Started GET "/assets/jquery-ui/datepicker.self-6267be6d4d0f0e8665be3b4d6ac07f40ba23a32aff8eaa5d1bfc00f76a9eeae7.js?body=1" for ::1 at 2015-09-26 20:45:10 -0300


Started GET "/assets/jquery-ui/widget.self-c1602241ddc51216b58391768667068867b8e15b9efc722befcd25771eda6819.js?body=1" for ::1 at 2015-09-26 20:45:10 -0300


Started GET "/assets/jquery-ui/button.self-4d4f21ba77bbf8cc08ae65e2b6329a7a1b952b32c3ba7bffca8313e7e8c93d0c.js?body=1" for ::1 at 2015-09-26 20:45:10 -0300


Started GET "/assets/jquery-ui/core.self-93be4d22eda916787802a64d8f88b52db8a9027d4ccbbc0942625324a7d12d44.js?body=1" for ::1 at 2015-09-26 20:45:10 -0300


Started GET "/assets/jquery-ui/mouse.self-c513294e8da73f31f84ba3ef11e2a1180a47faea0eb2fea4a53fc26153dd21fd.js?body=1" for ::1 at 2015-09-26 20:45:10 -0300


Started GET "/assets/jquery-ui/draggable.self-debcca3d0d5d9afe2fe91a6fd1aebdb41ca0a55f2f6017352e6c02b6d8a6e64c.js?body=1" for ::1 at 2015-09-26 20:45:10 -0300


Started GET "/assets/jquery-ui/position.self-e693ced4ecfa1a276f0b794f32c1d30d792764b08788bf68ecfa3b388c291333.js?body=1" for ::1 at 2015-09-26 20:45:10 -0300


Started GET "/assets/jquery-ui/resizable.self-60b870565f3cd62982c1907828119bb51f42ec8228d5e23868153edc3abc685c.js?body=1" for ::1 at 2015-09-26 20:45:10 -0300


Started GET "/assets/jquery-ui/dialog.self-5a6c7980dfa3f6b74445b0f4b20eed799ee65363163500ed7f032e603d6b022d.js?body=1" for ::1 at 2015-09-26 20:45:10 -0300


Started GET "/assets/jquery-ui/sortable.self-df2d80a36f9dfbe0facc596ccd92af83ca50d38e4cd6a84810aaf5d40b8cd181.js?body=1" for ::1 at 2015-09-26 20:45:10 -0300


Started GET "/assets/jquery-ui/tabs.self-dc07b44bf1b926c8d28ccd2658e30933881e5329348caf70cf305c3943f6bbd7.js?body=1" for ::1 at 2015-09-26 20:45:10 -0300


Started GET "/assets/active_admin/jquery_ui.self-01ba4719c80b6fe911b091a7c05124b64eeece964e09c058ef8f9805daca546b.js?body=1" for ::1 at 2015-09-26 20:45:10 -0300


Started GET "/assets/jquery_ujs.self-d456baa54c1fa6be2ec3711f0a72ddf7a5b2f34a6b4f515f33767d6207b7d4b3.js?body=1" for ::1 at 2015-09-26 20:45:11 -0300


Started GET "/assets/active_admin/base.self-ab2cb3098b53fe7d229937d768d701e8f4013f2a5aea7988d8f2149fa40426db.js?body=1" for ::1 at 2015-09-26 20:45:11 -0300


Started GET "/assets/active_admin/lib/batch_actions.self-10ee4c07784b00259ca97a02c4e7fb53c1b27ebe5653a3b910426b4ea0941250.js?body=1" for ::1 at 2015-09-26 20:45:11 -0300


Started GET "/assets/active_admin/lib/checkbox-toggler.self-ffdc88fc1b3b6bcfac3e314f191fc486175ab5a4b5daab87af6bd208cb483bd8.js?body=1" for ::1 at 2015-09-26 20:45:11 -0300


Started GET "/assets/active_admin/lib/dropdown-menu.self-161387c54d1640bd9f174301b77d73ea88ce6d7daf0d7356bd50b4d0143d1b72.js?body=1" for ::1 at 2015-09-26 20:45:11 -0300


Started GET "/assets/active_admin/lib/flash.self-8f05a5d9328ea28fca100b057787fbfb567986513c5f1735ea48fad8f9571c10.js?body=1" for ::1 at 2015-09-26 20:45:11 -0300


Started GET "/assets/active_admin/lib/has_many.self-ece319debdc01ca5096ae8ac6c130ffc0decab382543b4b94e18591375d3d3bb.js?body=1" for ::1 at 2015-09-26 20:45:11 -0300


Started GET "/assets/active_admin/lib/modal_dialog.self-0e86d9de4b99cb242de337a342f957f4872f686afc40f31f32d855672b1cd878.js?body=1" for ::1 at 2015-09-26 20:45:11 -0300


Started GET "/assets/active_admin/lib/per_page.self-d7697643296439a8f6aadbf22a229d8ce9b4e8e530ca854164398141006bcfda.js?body=1" for ::1 at 2015-09-26 20:45:11 -0300


Started GET "/assets/active_admin/lib/table-checkbox-toggler.self-f5200d732ec9ffd4ee8fd1fe11524ad7b54a67f6c0ef447a29d119ece2dcecdb.js?body=1" for ::1 at 2015-09-26 20:45:11 -0300


Started GET "/assets/active_admin/ext/jquery-ui.self-f96f2ec2a32c4bc4da4292cc74bddeca0bb223d81a421c98c4d613632860945e.js?body=1" for ::1 at 2015-09-26 20:45:11 -0300


Started GET "/assets/active_admin/ext/jquery.self-da8dafbbe883092bcae73f35a8caf4ae6170fe7d8130ae7039a233f9b509c757.js?body=1" for ::1 at 2015-09-26 20:45:11 -0300


Started GET "/assets/active_admin/application.self-a3af293ab9b99c4cc3bdde3420d9ab58f52b9fe9ceb1dfad2d517a81e6c15cf8.js?body=1" for ::1 at 2015-09-26 20:45:11 -0300


Started GET "/assets/active_admin.self-877aef30ae1b040ab8a3aba4e3e309a11d7f2612f44dde450b5c157aa5f95c05.js?body=1" for ::1 at 2015-09-26 20:45:11 -0300


Started GET "/assets/active_admin/print.self-bd31232c5b9dd8755bca79239a20b5c1db0eb3c3b4757c837c9058f802959bad.css?body=1" for ::1 at 2015-09-26 20:45:11 -0300
  [1m[36mActiveRecord::SchemaMigration Load (0.4ms)[0m  [1mSELECT "schema_migrations".* FROM "schema_migrations"[0m
  [1m[35mActiveRecord::SchemaMigration Load (0.2ms)[0m  SELECT "schema_migrations".* FROM "schema_migrations"
Migrating to CreateBook (20150926175134)
  [1m[36m (0.1ms)[0m  [1mBEGIN[0m
  [1m[35m (2.4ms)[0m  DROP TABLE "books"
  [1m[36mSQL (0.3ms)[0m  [1mDELETE FROM "schema_migrations" WHERE "schema_migrations"."version" = $1[0m  [["version", "20150926175134"]]
  [1m[35m (1.4ms)[0m  COMMIT
  [1m[36mActiveRecord::SchemaMigration Load (0.2ms)[0m  [1mSELECT "schema_migrations".* FROM "schema_migrations"[0m
  [1m[35m (4.1ms)[0m  SELECT t2.oid::regclass::text AS to_table, a1.attname AS column, a2.attname AS primary_key, c.conname AS name, c.confupdtype AS on_update, c.confdeltype AS on_delete
FROM pg_constraint c
JOIN pg_class t1 ON c.conrelid = t1.oid
JOIN pg_class t2 ON c.confrelid = t2.oid
JOIN pg_attribute a1 ON a1.attnum = c.conkey[1] AND a1.attrelid = t1.oid
JOIN pg_attribute a2 ON a2.attnum = c.confkey[1] AND a2.attrelid = t2.oid
JOIN pg_namespace t3 ON c.connamespace = t3.oid
WHERE c.contype = 'f'
  AND t1.relname = 'admin_users'
  AND t3.nspname = ANY (current_schemas(false))
ORDER BY c.conname

  [1m[36mActiveRecord::SchemaMigration Load (0.4ms)[0m  [1mSELECT "schema_migrations".* FROM "schema_migrations"[0m
Migrating to CreateBook (20150926175134)
  [1m[35m (0.1ms)[0m  BEGIN
  [1m[36m (7.9ms)[0m  [1mCREATE TABLE "books" ("id" serial primary key, "title" character varying, "subtitle" character varying, "edition_year" integer, "edition_number" integer, "writer" character varying, "artist" character varying, "cover" character varying, "colorist" character varying, "synopsis" character varying, "description" character varying, "binding_type" character varying, "transaction_type" character varying, "price" decimal, "pages" integer, "format" character varying, "admin_user_id" integer, "created_at" timestamp NOT NULL, "updated_at" timestamp NOT NULL) [0m
  [1m[35m (1.2ms)[0m  CREATE  INDEX  "index_books_on_admin_user_id" ON "books"  ("admin_user_id")
  [1m[36mSQL (0.2ms)[0m  [1mINSERT INTO "schema_migrations" ("version") VALUES ($1)[0m  [["version", "20150926175134"]]
  [1m[35m (0.9ms)[0m  COMMIT
  [1m[36mActiveRecord::SchemaMigration Load (0.2ms)[0m  [1mSELECT "schema_migrations".* FROM "schema_migrations"[0m
  [1m[35m (4.1ms)[0m  SELECT t2.oid::regclass::text AS to_table, a1.attname AS column, a2.attname AS primary_key, c.conname AS name, c.confupdtype AS on_update, c.confdeltype AS on_delete
FROM pg_constraint c
JOIN pg_class t1 ON c.conrelid = t1.oid
JOIN pg_class t2 ON c.confrelid = t2.oid
JOIN pg_attribute a1 ON a1.attnum = c.conkey[1] AND a1.attrelid = t1.oid
JOIN pg_attribute a2 ON a2.attnum = c.confkey[1] AND a2.attrelid = t2.oid
JOIN pg_namespace t3 ON c.connamespace = t3.oid
WHERE c.contype = 'f'
  AND t1.relname = 'admin_users'
  AND t3.nspname = ANY (current_schemas(false))
ORDER BY c.conname

  [1m[36m (3.3ms)[0m  [1mSELECT t2.oid::regclass::text AS to_table, a1.attname AS column, a2.attname AS primary_key, c.conname AS name, c.confupdtype AS on_update, c.confdeltype AS on_delete
FROM pg_constraint c
JOIN pg_class t1 ON c.conrelid = t1.oid
JOIN pg_class t2 ON c.confrelid = t2.oid
JOIN pg_attribute a1 ON a1.attnum = c.conkey[1] AND a1.attrelid = t1.oid
JOIN pg_attribute a2 ON a2.attnum = c.confkey[1] AND a2.attrelid = t2.oid
JOIN pg_namespace t3 ON c.connamespace = t3.oid
WHERE c.contype = 'f'
  AND t1.relname = 'books'
  AND t3.nspname = ANY (current_schemas(false))
ORDER BY c.conname
[0m


Started GET "/admin/books/new" for ::1 at 2015-09-26 20:46:49 -0300
  [1m[36mActiveRecord::SchemaMigration Load (0.5ms)[0m  [1mSELECT "schema_migrations".* FROM "schema_migrations"[0m
Processing by Admin::BooksController#new as HTML
  [1m[35mAdminUser Load (0.6ms)[0m  SELECT  "admin_users".* FROM "admin_users" WHERE "admin_users"."id" = $1  ORDER BY "admin_users"."id" ASC LIMIT 1  [["id", 1]]
  [1m[36mAdminUser Load (0.5ms)[0m  [1mSELECT "admin_users".* FROM "admin_users"[0m
  Rendered /Users/cfnitta/.rvm/gems/ruby-2.2-head/bundler/gems/activeadmin-470817d8b43b/app/views/active_admin/resource/new.html.arb (605.4ms)
Completed 200 OK in 663ms (Views: 617.8ms | ActiveRecord: 7.8ms)


Started GET "/admin/books/new" for ::1 at 2015-09-26 20:47:00 -0300
Processing by Admin::BooksController#new as HTML
  [1m[35mAdminUser Load (0.8ms)[0m  SELECT  "admin_users".* FROM "admin_users" WHERE "admin_users"."id" = $1  ORDER BY "admin_users"."id" ASC LIMIT 1  [["id", 1]]
  [1m[36mAdminUser Load (0.4ms)[0m  [1mSELECT "admin_users".* FROM "admin_users"[0m
  Rendered /Users/cfnitta/.rvm/gems/ruby-2.2-head/bundler/gems/activeadmin-470817d8b43b/app/views/active_admin/resource/new.html.arb (302.9ms)
Completed 200 OK in 322ms (Views: 316.9ms | ActiveRecord: 1.3ms)


Started GET "/assets/jquery.self-a714331225dda820228db323939889f149aec0127aeb06255646b616ba1ca419.js?body=1" for ::1 at 2015-09-26 20:47:00 -0300


Started GET "/assets/jquery-ui/core.self-93be4d22eda916787802a64d8f88b52db8a9027d4ccbbc0942625324a7d12d44.js?body=1" for ::1 at 2015-09-26 20:47:00 -0300


Started GET "/assets/jquery-ui/datepicker.self-6267be6d4d0f0e8665be3b4d6ac07f40ba23a32aff8eaa5d1bfc00f76a9eeae7.js?body=1" for ::1 at 2015-09-26 20:47:00 -0300


Started GET "/assets/jquery-ui/widget.self-c1602241ddc51216b58391768667068867b8e15b9efc722befcd25771eda6819.js?body=1" for ::1 at 2015-09-26 20:47:00 -0300


Started GET "/assets/jquery-ui/button.self-4d4f21ba77bbf8cc08ae65e2b6329a7a1b952b32c3ba7bffca8313e7e8c93d0c.js?body=1" for ::1 at 2015-09-26 20:47:00 -0300


Started GET "/assets/jquery-ui/mouse.self-c513294e8da73f31f84ba3ef11e2a1180a47faea0eb2fea4a53fc26153dd21fd.js?body=1" for ::1 at 2015-09-26 20:47:00 -0300


Started GET "/assets/jquery-ui/draggable.self-debcca3d0d5d9afe2fe91a6fd1aebdb41ca0a55f2f6017352e6c02b6d8a6e64c.js?body=1" for ::1 at 2015-09-26 20:47:00 -0300


Started GET "/assets/jquery-ui/position.self-e693ced4ecfa1a276f0b794f32c1d30d792764b08788bf68ecfa3b388c291333.js?body=1" for ::1 at 2015-09-26 20:47:00 -0300


Started GET "/assets/active_admin.self-6e66e7aa21e3224c84e71ca14214ca09b833572a73407d58a12256b3010c63f2.css?body=1" for ::1 at 2015-09-26 20:47:00 -0300


Started GET "/assets/jquery-ui/resizable.self-60b870565f3cd62982c1907828119bb51f42ec8228d5e23868153edc3abc685c.js?body=1" for ::1 at 2015-09-26 20:47:00 -0300


Started GET "/assets/jquery-ui/dialog.self-5a6c7980dfa3f6b74445b0f4b20eed799ee65363163500ed7f032e603d6b022d.js?body=1" for ::1 at 2015-09-26 20:47:00 -0300


Started GET "/assets/jquery-ui/sortable.self-df2d80a36f9dfbe0facc596ccd92af83ca50d38e4cd6a84810aaf5d40b8cd181.js?body=1" for ::1 at 2015-09-26 20:47:00 -0300


Started GET "/assets/jquery-ui/tabs.self-dc07b44bf1b926c8d28ccd2658e30933881e5329348caf70cf305c3943f6bbd7.js?body=1" for ::1 at 2015-09-26 20:47:00 -0300


Started GET "/assets/active_admin/jquery_ui.self-01ba4719c80b6fe911b091a7c05124b64eeece964e09c058ef8f9805daca546b.js?body=1" for ::1 at 2015-09-26 20:47:00 -0300


Started GET "/assets/jquery_ujs.self-d456baa54c1fa6be2ec3711f0a72ddf7a5b2f34a6b4f515f33767d6207b7d4b3.js?body=1" for ::1 at 2015-09-26 20:47:00 -0300


Started GET "/assets/active_admin/base.self-ab2cb3098b53fe7d229937d768d701e8f4013f2a5aea7988d8f2149fa40426db.js?body=1" for ::1 at 2015-09-26 20:47:00 -0300


Started GET "/assets/active_admin/lib/batch_actions.self-10ee4c07784b00259ca97a02c4e7fb53c1b27ebe5653a3b910426b4ea0941250.js?body=1" for ::1 at 2015-09-26 20:47:00 -0300


Started GET "/assets/active_admin/lib/checkbox-toggler.self-ffdc88fc1b3b6bcfac3e314f191fc486175ab5a4b5daab87af6bd208cb483bd8.js?body=1" for ::1 at 2015-09-26 20:47:00 -0300


Started GET "/assets/active_admin/lib/dropdown-menu.self-161387c54d1640bd9f174301b77d73ea88ce6d7daf0d7356bd50b4d0143d1b72.js?body=1" for ::1 at 2015-09-26 20:47:00 -0300


Started GET "/assets/active_admin/lib/flash.self-8f05a5d9328ea28fca100b057787fbfb567986513c5f1735ea48fad8f9571c10.js?body=1" for ::1 at 2015-09-26 20:47:00 -0300


Started GET "/assets/active_admin/lib/has_many.self-ece319debdc01ca5096ae8ac6c130ffc0decab382543b4b94e18591375d3d3bb.js?body=1" for ::1 at 2015-09-26 20:47:00 -0300


Started GET "/assets/active_admin/lib/modal_dialog.self-0e86d9de4b99cb242de337a342f957f4872f686afc40f31f32d855672b1cd878.js?body=1" for ::1 at 2015-09-26 20:47:00 -0300


Started GET "/assets/active_admin/lib/per_page.self-d7697643296439a8f6aadbf22a229d8ce9b4e8e530ca854164398141006bcfda.js?body=1" for ::1 at 2015-09-26 20:47:00 -0300


Started GET "/assets/active_admin/lib/table-checkbox-toggler.self-f5200d732ec9ffd4ee8fd1fe11524ad7b54a67f6c0ef447a29d119ece2dcecdb.js?body=1" for ::1 at 2015-09-26 20:47:00 -0300


Started GET "/assets/active_admin/ext/jquery-ui.self-f96f2ec2a32c4bc4da4292cc74bddeca0bb223d81a421c98c4d613632860945e.js?body=1" for ::1 at 2015-09-26 20:47:00 -0300


Started GET "/assets/active_admin/ext/jquery.self-da8dafbbe883092bcae73f35a8caf4ae6170fe7d8130ae7039a233f9b509c757.js?body=1" for ::1 at 2015-09-26 20:47:00 -0300


Started GET "/assets/active_admin/application.self-a3af293ab9b99c4cc3bdde3420d9ab58f52b9fe9ceb1dfad2d517a81e6c15cf8.js?body=1" for ::1 at 2015-09-26 20:47:00 -0300


Started GET "/assets/active_admin.self-877aef30ae1b040ab8a3aba4e3e309a11d7f2612f44dde450b5c157aa5f95c05.js?body=1" for ::1 at 2015-09-26 20:47:00 -0300


Started GET "/assets/active_admin/print.self-bd31232c5b9dd8755bca79239a20b5c1db0eb3c3b4757c837c9058f802959bad.css?body=1" for ::1 at 2015-09-26 20:47:00 -0300


Started GET "/admin/books/new" for ::1 at 2015-09-26 20:47:24 -0300
Processing by Admin::BooksController#new as HTML
  [1m[35mAdminUser Load (0.3ms)[0m  SELECT  "admin_users".* FROM "admin_users" WHERE "admin_users"."id" = $1  ORDER BY "admin_users"."id" ASC LIMIT 1  [["id", 1]]
  [1m[36mAdminUser Load (0.4ms)[0m  [1mSELECT "admin_users".* FROM "admin_users"[0m
  Rendered /Users/cfnitta/.rvm/gems/ruby-2.2-head/bundler/gems/activeadmin-470817d8b43b/app/views/active_admin/resource/new.html.arb (425.5ms)
Completed 200 OK in 461ms (Views: 434.2ms | ActiveRecord: 5.1ms)


Started GET "/assets/jquery.self-a714331225dda820228db323939889f149aec0127aeb06255646b616ba1ca419.js?body=1" for ::1 at 2015-09-26 20:47:24 -0300


Started GET "/assets/active_admin.self-6e66e7aa21e3224c84e71ca14214ca09b833572a73407d58a12256b3010c63f2.css?body=1" for ::1 at 2015-09-26 20:47:24 -0300


Started GET "/assets/jquery-ui/core.self-93be4d22eda916787802a64d8f88b52db8a9027d4ccbbc0942625324a7d12d44.js?body=1" for ::1 at 2015-09-26 20:47:24 -0300


Started GET "/assets/jquery-ui/button.self-4d4f21ba77bbf8cc08ae65e2b6329a7a1b952b32c3ba7bffca8313e7e8c93d0c.js?body=1" for ::1 at 2015-09-26 20:47:24 -0300


Started GET "/assets/jquery-ui/widget.self-c1602241ddc51216b58391768667068867b8e15b9efc722befcd25771eda6819.js?body=1" for ::1 at 2015-09-26 20:47:24 -0300


Started GET "/assets/jquery-ui/mouse.self-c513294e8da73f31f84ba3ef11e2a1180a47faea0eb2fea4a53fc26153dd21fd.js?body=1" for ::1 at 2015-09-26 20:47:24 -0300


Started GET "/assets/jquery-ui/datepicker.self-6267be6d4d0f0e8665be3b4d6ac07f40ba23a32aff8eaa5d1bfc00f76a9eeae7.js?body=1" for ::1 at 2015-09-26 20:47:24 -0300


Started GET "/assets/jquery-ui/draggable.self-debcca3d0d5d9afe2fe91a6fd1aebdb41ca0a55f2f6017352e6c02b6d8a6e64c.js?body=1" for ::1 at 2015-09-26 20:47:25 -0300


Started GET "/assets/jquery-ui/resizable.self-60b870565f3cd62982c1907828119bb51f42ec8228d5e23868153edc3abc685c.js?body=1" for ::1 at 2015-09-26 20:47:25 -0300


Started GET "/assets/jquery-ui/position.self-e693ced4ecfa1a276f0b794f32c1d30d792764b08788bf68ecfa3b388c291333.js?body=1" for ::1 at 2015-09-26 20:47:25 -0300


Started GET "/assets/jquery-ui/dialog.self-5a6c7980dfa3f6b74445b0f4b20eed799ee65363163500ed7f032e603d6b022d.js?body=1" for ::1 at 2015-09-26 20:47:25 -0300


Started GET "/assets/jquery-ui/sortable.self-df2d80a36f9dfbe0facc596ccd92af83ca50d38e4cd6a84810aaf5d40b8cd181.js?body=1" for ::1 at 2015-09-26 20:47:25 -0300


Started GET "/assets/jquery-ui/tabs.self-dc07b44bf1b926c8d28ccd2658e30933881e5329348caf70cf305c3943f6bbd7.js?body=1" for ::1 at 2015-09-26 20:47:25 -0300


Started GET "/assets/active_admin/jquery_ui.self-01ba4719c80b6fe911b091a7c05124b64eeece964e09c058ef8f9805daca546b.js?body=1" for ::1 at 2015-09-26 20:47:25 -0300


Started GET "/assets/jquery_ujs.self-d456baa54c1fa6be2ec3711f0a72ddf7a5b2f34a6b4f515f33767d6207b7d4b3.js?body=1" for ::1 at 2015-09-26 20:47:25 -0300


Started GET "/assets/active_admin/lib/batch_actions.self-10ee4c07784b00259ca97a02c4e7fb53c1b27ebe5653a3b910426b4ea0941250.js?body=1" for ::1 at 2015-09-26 20:47:25 -0300


Started GET "/assets/active_admin/base.self-ab2cb3098b53fe7d229937d768d701e8f4013f2a5aea7988d8f2149fa40426db.js?body=1" for ::1 at 2015-09-26 20:47:25 -0300


Started GET "/assets/active_admin/lib/checkbox-toggler.self-ffdc88fc1b3b6bcfac3e314f191fc486175ab5a4b5daab87af6bd208cb483bd8.js?body=1" for ::1 at 2015-09-26 20:47:25 -0300


Started GET "/assets/active_admin/lib/dropdown-menu.self-161387c54d1640bd9f174301b77d73ea88ce6d7daf0d7356bd50b4d0143d1b72.js?body=1" for ::1 at 2015-09-26 20:47:25 -0300


Started GET "/assets/active_admin/lib/flash.self-8f05a5d9328ea28fca100b057787fbfb567986513c5f1735ea48fad8f9571c10.js?body=1" for ::1 at 2015-09-26 20:47:25 -0300


Started GET "/assets/active_admin/lib/has_many.self-ece319debdc01ca5096ae8ac6c130ffc0decab382543b4b94e18591375d3d3bb.js?body=1" for ::1 at 2015-09-26 20:47:25 -0300


Started GET "/assets/active_admin/lib/modal_dialog.self-0e86d9de4b99cb242de337a342f957f4872f686afc40f31f32d855672b1cd878.js?body=1" for ::1 at 2015-09-26 20:47:25 -0300


Started GET "/assets/active_admin/lib/per_page.self-d7697643296439a8f6aadbf22a229d8ce9b4e8e530ca854164398141006bcfda.js?body=1" for ::1 at 2015-09-26 20:47:25 -0300


Started GET "/assets/active_admin/lib/table-checkbox-toggler.self-f5200d732ec9ffd4ee8fd1fe11524ad7b54a67f6c0ef447a29d119ece2dcecdb.js?body=1" for ::1 at 2015-09-26 20:47:25 -0300


Started GET "/assets/active_admin/ext/jquery-ui.self-f96f2ec2a32c4bc4da4292cc74bddeca0bb223d81a421c98c4d613632860945e.js?body=1" for ::1 at 2015-09-26 20:47:25 -0300


Started GET "/assets/active_admin/ext/jquery.self-da8dafbbe883092bcae73f35a8caf4ae6170fe7d8130ae7039a233f9b509c757.js?body=1" for ::1 at 2015-09-26 20:47:25 -0300


Started GET "/assets/active_admin/application.self-a3af293ab9b99c4cc3bdde3420d9ab58f52b9fe9ceb1dfad2d517a81e6c15cf8.js?body=1" for ::1 at 2015-09-26 20:47:25 -0300


Started GET "/assets/active_admin.self-877aef30ae1b040ab8a3aba4e3e309a11d7f2612f44dde450b5c157aa5f95c05.js?body=1" for ::1 at 2015-09-26 20:47:25 -0300


Started GET "/assets/active_admin/print.self-bd31232c5b9dd8755bca79239a20b5c1db0eb3c3b4757c837c9058f802959bad.css?body=1" for ::1 at 2015-09-26 20:47:25 -0300


Started GET "/admin/books/new" for ::1 at 2015-09-26 20:47:28 -0300
Processing by Admin::BooksController#new as HTML
  [1m[35mAdminUser Load (0.5ms)[0m  SELECT  "admin_users".* FROM "admin_users" WHERE "admin_users"."id" = $1  ORDER BY "admin_users"."id" ASC LIMIT 1  [["id", 1]]
  [1m[36mAdminUser Load (0.4ms)[0m  [1mSELECT "admin_users".* FROM "admin_users"[0m
  Rendered /Users/cfnitta/.rvm/gems/ruby-2.2-head/bundler/gems/activeadmin-470817d8b43b/app/views/active_admin/resource/new.html.arb (326.7ms)
Completed 200 OK in 341ms (Views: 337.9ms | ActiveRecord: 0.9ms)


Started GET "/assets/jquery.self-a714331225dda820228db323939889f149aec0127aeb06255646b616ba1ca419.js?body=1" for ::1 at 2015-09-26 20:47:28 -0300


Started GET "/assets/jquery-ui/widget.self-c1602241ddc51216b58391768667068867b8e15b9efc722befcd25771eda6819.js?body=1" for ::1 at 2015-09-26 20:47:28 -0300


Started GET "/assets/jquery-ui/datepicker.self-6267be6d4d0f0e8665be3b4d6ac07f40ba23a32aff8eaa5d1bfc00f76a9eeae7.js?body=1" for ::1 at 2015-09-26 20:47:29 -0300


Started GET "/assets/active_admin.self-6e66e7aa21e3224c84e71ca14214ca09b833572a73407d58a12256b3010c63f2.css?body=1" for ::1 at 2015-09-26 20:47:29 -0300


Started GET "/assets/jquery-ui/core.self-93be4d22eda916787802a64d8f88b52db8a9027d4ccbbc0942625324a7d12d44.js?body=1" for ::1 at 2015-09-26 20:47:29 -0300


Started GET "/assets/jquery-ui/button.self-4d4f21ba77bbf8cc08ae65e2b6329a7a1b952b32c3ba7bffca8313e7e8c93d0c.js?body=1" for ::1 at 2015-09-26 20:47:29 -0300


Started GET "/assets/jquery-ui/mouse.self-c513294e8da73f31f84ba3ef11e2a1180a47faea0eb2fea4a53fc26153dd21fd.js?body=1" for ::1 at 2015-09-26 20:47:29 -0300


Started GET "/assets/jquery-ui/draggable.self-debcca3d0d5d9afe2fe91a6fd1aebdb41ca0a55f2f6017352e6c02b6d8a6e64c.js?body=1" for ::1 at 2015-09-26 20:47:29 -0300


Started GET "/assets/jquery-ui/position.self-e693ced4ecfa1a276f0b794f32c1d30d792764b08788bf68ecfa3b388c291333.js?body=1" for ::1 at 2015-09-26 20:47:29 -0300


Started GET "/assets/jquery-ui/resizable.self-60b870565f3cd62982c1907828119bb51f42ec8228d5e23868153edc3abc685c.js?body=1" for ::1 at 2015-09-26 20:47:29 -0300


Started GET "/assets/jquery-ui/dialog.self-5a6c7980dfa3f6b74445b0f4b20eed799ee65363163500ed7f032e603d6b022d.js?body=1" for ::1 at 2015-09-26 20:47:29 -0300


Started GET "/assets/jquery-ui/sortable.self-df2d80a36f9dfbe0facc596ccd92af83ca50d38e4cd6a84810aaf5d40b8cd181.js?body=1" for ::1 at 2015-09-26 20:47:29 -0300


Started GET "/assets/jquery-ui/tabs.self-dc07b44bf1b926c8d28ccd2658e30933881e5329348caf70cf305c3943f6bbd7.js?body=1" for ::1 at 2015-09-26 20:47:29 -0300


Started GET "/assets/active_admin/jquery_ui.self-01ba4719c80b6fe911b091a7c05124b64eeece964e09c058ef8f9805daca546b.js?body=1" for ::1 at 2015-09-26 20:47:29 -0300


Started GET "/assets/jquery_ujs.self-d456baa54c1fa6be2ec3711f0a72ddf7a5b2f34a6b4f515f33767d6207b7d4b3.js?body=1" for ::1 at 2015-09-26 20:47:29 -0300


Started GET "/assets/active_admin/base.self-ab2cb3098b53fe7d229937d768d701e8f4013f2a5aea7988d8f2149fa40426db.js?body=1" for ::1 at 2015-09-26 20:47:29 -0300


Started GET "/assets/active_admin/lib/batch_actions.self-10ee4c07784b00259ca97a02c4e7fb53c1b27ebe5653a3b910426b4ea0941250.js?body=1" for ::1 at 2015-09-26 20:47:29 -0300


Started GET "/assets/active_admin/lib/checkbox-toggler.self-ffdc88fc1b3b6bcfac3e314f191fc486175ab5a4b5daab87af6bd208cb483bd8.js?body=1" for ::1 at 2015-09-26 20:47:29 -0300


Started GET "/assets/active_admin/lib/dropdown-menu.self-161387c54d1640bd9f174301b77d73ea88ce6d7daf0d7356bd50b4d0143d1b72.js?body=1" for ::1 at 2015-09-26 20:47:29 -0300


Started GET "/assets/active_admin/lib/flash.self-8f05a5d9328ea28fca100b057787fbfb567986513c5f1735ea48fad8f9571c10.js?body=1" for ::1 at 2015-09-26 20:47:29 -0300


Started GET "/assets/active_admin/lib/has_many.self-ece319debdc01ca5096ae8ac6c130ffc0decab382543b4b94e18591375d3d3bb.js?body=1" for ::1 at 2015-09-26 20:47:29 -0300


Started GET "/assets/active_admin/lib/modal_dialog.self-0e86d9de4b99cb242de337a342f957f4872f686afc40f31f32d855672b1cd878.js?body=1" for ::1 at 2015-09-26 20:47:29 -0300


Started GET "/assets/active_admin/lib/per_page.self-d7697643296439a8f6aadbf22a229d8ce9b4e8e530ca854164398141006bcfda.js?body=1" for ::1 at 2015-09-26 20:47:29 -0300


Started GET "/assets/active_admin/lib/table-checkbox-toggler.self-f5200d732ec9ffd4ee8fd1fe11524ad7b54a67f6c0ef447a29d119ece2dcecdb.js?body=1" for ::1 at 2015-09-26 20:47:29 -0300


Started GET "/assets/active_admin/ext/jquery-ui.self-f96f2ec2a32c4bc4da4292cc74bddeca0bb223d81a421c98c4d613632860945e.js?body=1" for ::1 at 2015-09-26 20:47:29 -0300


Started GET "/assets/active_admin/ext/jquery.self-da8dafbbe883092bcae73f35a8caf4ae6170fe7d8130ae7039a233f9b509c757.js?body=1" for ::1 at 2015-09-26 20:47:29 -0300


Started GET "/assets/active_admin/application.self-a3af293ab9b99c4cc3bdde3420d9ab58f52b9fe9ceb1dfad2d517a81e6c15cf8.js?body=1" for ::1 at 2015-09-26 20:47:29 -0300


Started GET "/assets/active_admin.self-877aef30ae1b040ab8a3aba4e3e309a11d7f2612f44dde450b5c157aa5f95c05.js?body=1" for ::1 at 2015-09-26 20:47:29 -0300


Started GET "/assets/active_admin/print.self-bd31232c5b9dd8755bca79239a20b5c1db0eb3c3b4757c837c9058f802959bad.css?body=1" for ::1 at 2015-09-26 20:47:29 -0300


Started GET "/admin/books/new" for ::1 at 2015-09-26 20:47:41 -0300
Processing by Admin::BooksController#new as HTML
Completed 401 Unauthorized in 4ms (ActiveRecord: 0.0ms)


Started GET "/admin/login" for ::1 at 2015-09-26 20:47:41 -0300
Processing by ActiveAdmin::Devise::SessionsController#new as HTML
  Rendered /Users/cfnitta/.rvm/gems/ruby-2.2-head/bundler/gems/activeadmin-470817d8b43b/app/views/active_admin/devise/shared/_links.erb (1.4ms)
  Rendered /Users/cfnitta/.rvm/gems/ruby-2.2-head/bundler/gems/activeadmin-470817d8b43b/app/views/active_admin/devise/sessions/new.html.erb within layouts/active_admin_logged_out (67.0ms)
Completed 200 OK in 315ms (Views: 294.8ms | ActiveRecord: 0.0ms)


Started GET "/assets/active_admin.self-6e66e7aa21e3224c84e71ca14214ca09b833572a73407d58a12256b3010c63f2.css?body=1" for ::1 at 2015-09-26 20:47:41 -0300


Started GET "/assets/jquery.self-a714331225dda820228db323939889f149aec0127aeb06255646b616ba1ca419.js?body=1" for ::1 at 2015-09-26 20:47:41 -0300


Started GET "/assets/active_admin/print.self-bd31232c5b9dd8755bca79239a20b5c1db0eb3c3b4757c837c9058f802959bad.css?body=1" for ::1 at 2015-09-26 20:47:42 -0300


Started GET "/assets/jquery-ui/core.self-93be4d22eda916787802a64d8f88b52db8a9027d4ccbbc0942625324a7d12d44.js?body=1" for ::1 at 2015-09-26 20:47:42 -0300


Started GET "/assets/jquery-ui/datepicker.self-6267be6d4d0f0e8665be3b4d6ac07f40ba23a32aff8eaa5d1bfc00f76a9eeae7.js?body=1" for ::1 at 2015-09-26 20:47:42 -0300


Started GET "/assets/jquery-ui/widget.self-c1602241ddc51216b58391768667068867b8e15b9efc722befcd25771eda6819.js?body=1" for ::1 at 2015-09-26 20:47:42 -0300


Started GET "/assets/jquery-ui/button.self-4d4f21ba77bbf8cc08ae65e2b6329a7a1b952b32c3ba7bffca8313e7e8c93d0c.js?body=1" for ::1 at 2015-09-26 20:47:42 -0300


Started GET "/assets/jquery-ui/tabs.self-dc07b44bf1b926c8d28ccd2658e30933881e5329348caf70cf305c3943f6bbd7.js?body=1" for ::1 at 2015-09-26 20:47:42 -0300


Started GET "/assets/jquery-ui/mouse.self-c513294e8da73f31f84ba3ef11e2a1180a47faea0eb2fea4a53fc26153dd21fd.js?body=1" for ::1 at 2015-09-26 20:47:42 -0300


Started GET "/assets/jquery-ui/draggable.self-debcca3d0d5d9afe2fe91a6fd1aebdb41ca0a55f2f6017352e6c02b6d8a6e64c.js?body=1" for ::1 at 2015-09-26 20:47:42 -0300


Started GET "/assets/jquery-ui/position.self-e693ced4ecfa1a276f0b794f32c1d30d792764b08788bf68ecfa3b388c291333.js?body=1" for ::1 at 2015-09-26 20:47:42 -0300


Started GET "/assets/jquery-ui/resizable.self-60b870565f3cd62982c1907828119bb51f42ec8228d5e23868153edc3abc685c.js?body=1" for ::1 at 2015-09-26 20:47:42 -0300


Started GET "/assets/jquery-ui/dialog.self-5a6c7980dfa3f6b74445b0f4b20eed799ee65363163500ed7f032e603d6b022d.js?body=1" for ::1 at 2015-09-26 20:47:42 -0300


Started GET "/assets/jquery-ui/sortable.self-df2d80a36f9dfbe0facc596ccd92af83ca50d38e4cd6a84810aaf5d40b8cd181.js?body=1" for ::1 at 2015-09-26 20:47:42 -0300


Started GET "/assets/active_admin/jquery_ui.self-01ba4719c80b6fe911b091a7c05124b64eeece964e09c058ef8f9805daca546b.js?body=1" for ::1 at 2015-09-26 20:47:42 -0300


Started GET "/assets/jquery_ujs.self-d456baa54c1fa6be2ec3711f0a72ddf7a5b2f34a6b4f515f33767d6207b7d4b3.js?body=1" for ::1 at 2015-09-26 20:47:42 -0300


Started GET "/assets/active_admin/base.self-ab2cb3098b53fe7d229937d768d701e8f4013f2a5aea7988d8f2149fa40426db.js?body=1" for ::1 at 2015-09-26 20:47:42 -0300


Started GET "/assets/active_admin/lib/batch_actions.self-10ee4c07784b00259ca97a02c4e7fb53c1b27ebe5653a3b910426b4ea0941250.js?body=1" for ::1 at 2015-09-26 20:47:42 -0300


Started GET "/assets/active_admin/lib/checkbox-toggler.self-ffdc88fc1b3b6bcfac3e314f191fc486175ab5a4b5daab87af6bd208cb483bd8.js?body=1" for ::1 at 2015-09-26 20:47:42 -0300


Started GET "/assets/active_admin/lib/dropdown-menu.self-161387c54d1640bd9f174301b77d73ea88ce6d7daf0d7356bd50b4d0143d1b72.js?body=1" for ::1 at 2015-09-26 20:47:42 -0300


Started GET "/assets/active_admin/lib/flash.self-8f05a5d9328ea28fca100b057787fbfb567986513c5f1735ea48fad8f9571c10.js?body=1" for ::1 at 2015-09-26 20:47:42 -0300


Started GET "/assets/active_admin/lib/has_many.self-ece319debdc01ca5096ae8ac6c130ffc0decab382543b4b94e18591375d3d3bb.js?body=1" for ::1 at 2015-09-26 20:47:42 -0300


Started GET "/assets/active_admin/lib/modal_dialog.self-0e86d9de4b99cb242de337a342f957f4872f686afc40f31f32d855672b1cd878.js?body=1" for ::1 at 2015-09-26 20:47:42 -0300


Started GET "/assets/active_admin/lib/per_page.self-d7697643296439a8f6aadbf22a229d8ce9b4e8e530ca854164398141006bcfda.js?body=1" for ::1 at 2015-09-26 20:47:42 -0300


Started GET "/assets/active_admin/lib/table-checkbox-toggler.self-f5200d732ec9ffd4ee8fd1fe11524ad7b54a67f6c0ef447a29d119ece2dcecdb.js?body=1" for ::1 at 2015-09-26 20:47:42 -0300


Started GET "/assets/active_admin/ext/jquery-ui.self-f96f2ec2a32c4bc4da4292cc74bddeca0bb223d81a421c98c4d613632860945e.js?body=1" for ::1 at 2015-09-26 20:47:42 -0300


Started GET "/assets/active_admin/ext/jquery.self-da8dafbbe883092bcae73f35a8caf4ae6170fe7d8130ae7039a233f9b509c757.js?body=1" for ::1 at 2015-09-26 20:47:42 -0300


Started GET "/assets/active_admin/application.self-a3af293ab9b99c4cc3bdde3420d9ab58f52b9fe9ceb1dfad2d517a81e6c15cf8.js?body=1" for ::1 at 2015-09-26 20:47:42 -0300


Started GET "/assets/active_admin.self-877aef30ae1b040ab8a3aba4e3e309a11d7f2612f44dde450b5c157aa5f95c05.js?body=1" for ::1 at 2015-09-26 20:47:42 -0300


Started POST "/admin/login" for ::1 at 2015-09-26 20:47:57 -0300
Processing by ActiveAdmin::Devise::SessionsController#create as HTML
  Parameters: {"utf8"=>"✓", "authenticity_token"=>"+a9IlOQ1pEEM6b0pVQIC041SIT2c0gybYoBDDyf1wh6qFOGmwGg5L4Csh0cWHy27VdwZRwgPNyXPZUW48ZUj8Q==", "admin_user"=>{"email"=>"plano@infalivel.com", "password"=>"[FILTERED]", "remember_me"=>"0"}, "commit"=>"Login"}
  [1m[35mAdminUser Load (0.5ms)[0m  SELECT  "admin_users".* FROM "admin_users" WHERE "admin_users"."email" = $1  ORDER BY "admin_users"."id" ASC LIMIT 1  [["email", "plano@infalivel.com"]]
  [1m[36m (0.2ms)[0m  [1mBEGIN[0m
  [1m[35mSQL (0.4ms)[0m  UPDATE "admin_users" SET "current_sign_in_at" = $1, "sign_in_count" = $2, "updated_at" = $3 WHERE "admin_users"."id" = $4  [["current_sign_in_at", "2015-09-26 23:47:57.698270"], ["sign_in_count", 2], ["updated_at", "2015-09-26 23:47:57.700452"], ["id", 1]]
  [1m[36m (15.8ms)[0m  [1mCOMMIT[0m
Redirected to http://localhost:3000/admin/books/new
Completed 302 Found in 279ms (ActiveRecord: 16.9ms)


Started GET "/admin/books/new" for ::1 at 2015-09-26 20:47:58 -0300
Processing by Admin::BooksController#new as HTML
  [1m[35mAdminUser Load (0.4ms)[0m  SELECT  "admin_users".* FROM "admin_users" WHERE "admin_users"."id" = $1  ORDER BY "admin_users"."id" ASC LIMIT 1  [["id", 1]]
  [1m[36mAdminUser Load (0.4ms)[0m  [1mSELECT "admin_users".* FROM "admin_users"[0m
  Rendered /Users/cfnitta/.rvm/gems/ruby-2.2-head/bundler/gems/activeadmin-470817d8b43b/app/views/active_admin/resource/new.html.arb (238.5ms)
Completed 200 OK in 250ms (Views: 247.2ms | ActiveRecord: 0.8ms)
